<?xml version="1.0" encoding="UTF-8" ?>
<testsuites disabled="0" errors="0" failures="1" tests="2" time="5.643">
 <testsuite name="user searches titles. TMS-LINK=ZT-1" timestamp="2021-10-10T21:45:37" hostname="localhost" time="5.631" errors="0" tests="1" skipped="0" disabled="0" failures="1">
  <testcase classname="user searches titles. TMS-LINK=ZT-1" name="popup displays titles." time="5.623">
   <failure type="toBeTruthy" message="Expected false to be truthy."><![CDATA[Error: Expected false to be truthy.
    at <Jasmine>
    at UserContext.<anonymous> (C:\Users\ron56\Desktop\website-projects\zephyr-integration-poc\src\test\userSearchesTitles.js:41:9)
    at processTicksAndRejections (internal/process/task_queues.js:95:5)]]>
   </failure>
  </testcase>
 </testsuite>
 <testsuite name="a" timestamp="2021-10-10T21:45:43" hostname="localhost" time="0.012" errors="0" tests="1" skipped="0" disabled="0" failures="0">
  <testcase classname="a" name="b" time="0.002" />
 </testsuite>
</testsuites>